<?xml version="1.0" encoding="UTF-8"?>
<!-- Generated by org.testng.reporters.JUnitReportReporter -->
<testsuite hostname="DESKTOP-AUQI9P7" failures="0" tests="8" name="com.Scripts.SimpleFormTest" time="3.954" errors="0" timestamp="2021-08-24T12:55:32 IST" skipped="0">
  <testcase classname="com.Scripts.SimpleFormTest" name="TC_ID_100_verifySeleniumEasHomePageIsDisplayed" time="1.080"/>
  <system-out/>
  <testcase classname="com.Scripts.SimpleFormTest" name="TC_ID_101_verifySingleInputFieldMessage" time="0.630"/>
  <system-out/>
  <testcase classname="com.Scripts.SimpleFormTest" name="TC_ID_102_VerifyBootstrapAlertPageIsDisplayed" time="0.813"/>
  <system-out/>
  <testcase classname="com.Scripts.SimpleFormTest" name="TC_ID_104_verifyAutocloseableSuccessMessage" time="0.259"/>
  <system-out/>
  <testcase classname="com.Scripts.SimpleFormTest" name="TC_ID_105_verifyNormalSuccessMessageIsDisplayed" time="0.180"/>
  <system-out/>
  <testcase classname="com.Scripts.SimpleFormTest" name="TC_ID_106_verifyAutocloseableWarningMessageIsDisplayed" time="0.107"/>
  <system-out/>
  <testcase classname="com.Scripts.SimpleFormTest" name="TC_ID_106_verifyCheckDemoPageIsDisplayed" time="0.670"/>
  <system-out/>
  <testcase classname="com.Scripts.SimpleFormTest" name="TC_ID_108_verifySingleCheckBoxDemoIsSelected" time="0.215"/>
  <system-out/>
</testsuite> <!-- com.Scripts.SimpleFormTest -->
